<?xml version="1.0" encoding="UTF-8"?>
<!-- Generated by org.testng.reporters.JUnitXMLReporter -->
<testsuite ignored="1" hostname="AS-40" failures="0" tests="7" name="Test" time="2.677" errors="0" timestamp="2023-03-29T14:35:46 EET">
  <testcase classname="ApiTestCases.Post_AddUserTest" name="Post_UserTest" time="1.754"/>
  <testcase classname="ApiTestCases.Post_AddUserTest" name="get_UserId_Test" time="0.001"/>
  <testcase classname="ApiTestCases.Post_AddUserTest" name="Validate_Response_Code_201_Test" time="0.007"/>
  <testcase classname="ApiTestCases.Post_AddUserTest" name="Validate_Created_FristName_Test" time="0.004"/>
  <testcase classname="ApiTestCases.Get_User" name="get_User" time="0.813"/>
  <testcase classname="ApiTestCases.Get_User" name="Validate_Response_Code_200_Test" time="0.002"/>
  <testcase classname="ApiTestCases.Get_User" name="Validate_Retrived_FristName_Test" time="0.002"/>
  <testcase classname="baseTest.BaseTest" name="@BeforeSuite baseTest" time="0.0">
    <ignored/>
  </testcase> <!-- @BeforeSuite baseTest -->
</testsuite> <!-- Test -->
