<?xml version="1.0" encoding="UTF-8"?>
<!-- Generated by org.testng.reporters.JUnitReportReporter -->
<testsuite hostname="AS-40" failures="0" tests="3" name="ApiTestCases.Get_User" time="0.817" errors="0" timestamp="2023-03-29T14:35:46 EET" skipped="0">
  <testcase classname="ApiTestCases.Get_User" name="get_User" time="0.813"/>
  <system-out/>
  <testcase classname="ApiTestCases.Get_User" name="Validate_Response_Code_200_Test" time="0.002"/>
  <system-out/>
  <testcase classname="ApiTestCases.Get_User" name="Validate_Retrived_FristName_Test" time="0.002"/>
  <system-out/>
</testsuite> <!-- ApiTestCases.Get_User -->
